# JRE version: Java(TM) SE Runtime Environment (8.0_25-b18) (build 1.8.0_25-b18)
# Java VM: Java HotSpot(TM) 64-Bit Server VM (25.25-b02 mixed mode windows-amd64 compressed oops)
Heap:
 PSYoungGen      total 97792K, used 86768K [0x00000000d5f80000, 0x00000000de780000, 0x0000000100000000)
  eden space 89088K, 87% used [0x00000000d5f80000,0x00000000dabc2218,0x00000000db680000)
  from space 8704K, 99% used [0x00000000db680000,0x00000000dbefa158,0x00000000dbf00000)
  to   space 9728K, 0% used [0x00000000dde00000,0x00000000dde00000,0x00000000de780000)
 ParOldGen       total 84480K, used 11777K [0x0000000081e00000, 0x0000000087080000, 0x00000000d5f80000)
  object space 84480K, 13% used [0x0000000081e00000,0x00000000829805e8,0x0000000087080000)
 Metaspace       used 54754K, capacity 55424K, committed 55552K, reserved 1097728K
  class space    used 7843K, capacity 8122K, committed 8192K, reserved 1048576K
GC Heap History (10 events):
Event: 6.056 GC heap before
{Heap before GC invocations=7 (full 1):
 PSYoungGen      total 38400K, used 37558K [0x00000000d5f80000, 0x00000000da700000, 0x0000000100000000)
  eden space 33280K, 100% used [0x00000000d5f80000,0x00000000d8000000,0x00000000d8000000)
  from space 5120K, 83% used [0x00000000d8000000,0x00000000d842dbf8,0x00000000d8500000)
  to   space 8192K, 0% used [0x00000000d9f00000,0x00000000d9f00000,0x00000000da700000)
 ParOldGen       total 62464K, used 7010K [0x0000000081e00000, 0x0000000085b00000, 0x00000000d5f80000)
  object space 62464K, 11% used [0x0000000081e00000,0x00000000824d8ba0,0x0000000085b00000)
 Metaspace       used 32056K, capacity 32288K, committed 32768K, reserved 1077248K
  class space    used 4476K, capacity 4534K, committed 4608K, reserved 1048576K
Event: 6.060 GC heap after
Heap after GC invocations=7 (full 1):
 PSYoungGen      total 61440K, used 6154K [0x00000000d5f80000, 0x00000000da580000, 0x0000000100000000)
  eden space 54784K, 0% used [0x00000000d5f80000,0x00000000d5f80000,0x00000000d9500000)
  from space 6656K, 92% used [0x00000000d9f00000,0x00000000da502838,0x00000000da580000)
  to   space 8192K, 0% used [0x00000000d9580000,0x00000000d9580000,0x00000000d9d80000)
 ParOldGen       total 62464K, used 7018K [0x0000000081e00000, 0x0000000085b00000, 0x00000000d5f80000)
  object space 62464K, 11% used [0x0000000081e00000,0x00000000824daba0,0x0000000085b00000)
 Metaspace       used 32056K, capacity 32288K, committed 32768K, reserved 1077248K
  class space    used 4476K, capacity 4534K, committed 4608K, reserved 1048576K
}
Event: 6.339 GC heap before
{Heap before GC invocations=8 (full 1):
 PSYoungGen      total 61440K, used 30297K [0x00000000d5f80000, 0x00000000da580000, 0x0000000100000000)
  eden space 54784K, 44% used [0x00000000d5f80000,0x00000000d7713c78,0x00000000d9500000)
  from space 6656K, 92% used [0x00000000d9f00000,0x00000000da502838,0x00000000da580000)
  to   space 8192K, 0% used [0x00000000d9580000,0x00000000d9580000,0x00000000d9d80000)
 ParOldGen       total 62464K, used 7018K [0x0000000081e00000, 0x0000000085b00000, 0x00000000d5f80000)
  object space 62464K, 11% used [0x0000000081e00000,0x00000000824daba0,0x0000000085b00000)
 Metaspace       used 35019K, capacity 35200K, committed 35456K, reserved 1079296K
  class space    used 4891K, capacity 4950K, committed 4992K, reserved 1048576K
Event: 6.344 GC heap after
Heap after GC invocations=8 (full 1):
 PSYoungGen      total 63488K, used 7301K [0x00000000d5f80000, 0x00000000dc780000, 0x0000000100000000)
  eden space 55296K, 0% used [0x00000000d5f80000,0x00000000d5f80000,0x00000000d9580000)
  from space 8192K, 89% used [0x00000000d9580000,0x00000000d9ca1538,0x00000000d9d80000)
  to   space 8704K, 0% used [0x00000000dbf00000,0x00000000dbf00000,0x00000000dc780000)
 ParOldGen       total 62464K, used 7026K [0x0000000081e00000, 0x0000000085b00000, 0x00000000d5f80000)
  object space 62464K, 11% used [0x0000000081e00000,0x00000000824dcba0,0x0000000085b00000)
 Metaspace       used 35019K, capacity 35200K, committed 35456K, reserved 1079296K
  class space    used 4891K, capacity 4950K, committed 4992K, reserved 1048576K
}
Event: 6.344 GC heap before
{Heap before GC invocations=9 (full 2):
 PSYoungGen      total 63488K, used 7301K [0x00000000d5f80000, 0x00000000dc780000, 0x0000000100000000)
  eden space 55296K, 0% used [0x00000000d5f80000,0x00000000d5f80000,0x00000000d9580000)
  from space 8192K, 89% used [0x00000000d9580000,0x00000000d9ca1538,0x00000000d9d80000)
  to   space 8704K, 0% used [0x00000000dbf00000,0x00000000dbf00000,0x00000000dc780000)
 ParOldGen       total 62464K, used 7026K [0x0000000081e00000, 0x0000000085b00000, 0x00000000d5f80000)
  object space 62464K, 11% used [0x0000000081e00000,0x00000000824dcba0,0x0000000085b00000)
 Metaspace       used 35019K, capacity 35200K, committed 35456K, reserved 1079296K
  class space    used 4891K, capacity 4950K, committed 4992K, reserved 1048576K
Event: 6.386 GC heap after
Heap after GC invocations=9 (full 2):
 PSYoungGen      total 63488K, used 0K [0x00000000d5f80000, 0x00000000dc780000, 0x0000000100000000)
  eden space 55296K, 0% used [0x00000000d5f80000,0x00000000d5f80000,0x00000000d9580000)
  from space 8192K, 0% used [0x00000000d9580000,0x00000000d9580000,0x00000000d9d80000)
  to   space 8704K, 0% used [0x00000000dbf00000,0x00000000dbf00000,0x00000000dc780000)
 ParOldGen       total 84480K, used 10591K [0x0000000081e00000, 0x0000000087080000, 0x00000000d5f80000)
  object space 84480K, 12% used [0x0000000081e00000,0x0000000082857d50,0x0000000087080000)
 Metaspace       used 35017K, capacity 35198K, committed 35456K, reserved 1079296K
  class space    used 4891K, capacity 4949K, committed 4992K, reserved 1048576K
}
Event: 6.918 GC heap before
{Heap before GC invocations=10 (full 2):
 PSYoungGen      total 63488K, used 55296K [0x00000000d5f80000, 0x00000000dc780000, 0x0000000100000000)
  eden space 55296K, 100% used [0x00000000d5f80000,0x00000000d9580000,0x00000000d9580000)
  from space 8192K, 0% used [0x00000000d9580000,0x00000000d9580000,0x00000000d9d80000)
  to   space 8704K, 0% used [0x00000000dbf00000,0x00000000dbf00000,0x00000000dc780000)
 ParOldGen       total 84480K, used 10591K [0x0000000081e00000, 0x0000000087080000, 0x00000000d5f80000)
  object space 84480K, 12% used [0x0000000081e00000,0x0000000082857d50,0x0000000087080000)
 Metaspace       used 39443K, capacity 39658K, committed 39936K, reserved 1083392K
  class space    used 5564K, capacity 5623K, committed 5632K, reserved 1048576K
Event: 6.921 GC heap after
Heap after GC invocations=10 (full 2):
 PSYoungGen      total 97792K, used 4746K [0x00000000d5f80000, 0x00000000dc780000, 0x0000000100000000)
  eden space 89088K, 0% used [0x00000000d5f80000,0x00000000d5f80000,0x00000000db680000)
  from space 8704K, 54% used [0x00000000dbf00000,0x00000000dc3a2bb8,0x00000000dc780000)
  to   space 8704K, 0% used [0x00000000db680000,0x00000000db680000,0x00000000dbf00000)
 ParOldGen       total 84480K, used 10591K [0x0000000081e00000, 0x0000000087080000, 0x00000000d5f80000)
  object space 84480K, 12% used [0x0000000081e00000,0x0000000082857d50,0x0000000087080000)
 Metaspace       used 39443K, capacity 39658K, committed 39936K, reserved 1083392K
  class space    used 5564K, capacity 5623K, committed 5632K, reserved 1048576K
}
Event: 7.913 GC heap before
{Heap before GC invocations=11 (full 2):
 PSYoungGen      total 97792K, used 93834K [0x00000000d5f80000, 0x00000000dc780000, 0x0000000100000000)
  eden space 89088K, 100% used [0x00000000d5f80000,0x00000000db680000,0x00000000db680000)
  from space 8704K, 54% used [0x00000000dbf00000,0x00000000dc3a2bb8,0x00000000dc780000)
  to   space 8704K, 0% used [0x00000000db680000,0x00000000db680000,0x00000000dbf00000)
 ParOldGen       total 84480K, used 10591K [0x0000000081e00000, 0x0000000087080000, 0x00000000d5f80000)
  object space 84480K, 12% used [0x0000000081e00000,0x0000000082857d50,0x0000000087080000)
 Metaspace       used 47334K, capacity 47664K, committed 47872K, reserved 1091584K
  class space    used 6532K, capacity 6636K, committed 6656K, reserved 1048576K
Event: 7.921 GC heap after
Heap after GC invocations=11 (full 2):
 PSYoungGen      total 97792K, used 8680K [0x00000000d5f80000, 0x00000000de780000, 0x0000000100000000)
  eden space 89088K, 0% used [0x00000000d5f80000,0x00000000d5f80000,0x00000000db680000)
  from space 8704K, 99% used [0x00000000db680000,0x00000000dbefa158,0x00000000dbf00000)
  to   space 9728K, 0% used [0x00000000dde00000,0x00000000dde00000,0x00000000de780000)
 ParOldGen       total 84480K, used 11777K [0x0000000081e00000, 0x0000000087080000, 0x00000000d5f80000)
  object space 84480K, 13% used [0x0000000081e00000,0x00000000829805e8,0x0000000087080000)
 Metaspace       used 47334K, capacity 47664K, committed 47872K, reserved 1091584K
  class space    used 6532K, capacity 6636K, committed 6656K, reserved 1048576K
}

