# JRE version: Java(TM) SE Runtime Environment (8.0_25-b18) (build 1.8.0_25-b18)
# Java VM: Java HotSpot(TM) 64-Bit Server VM (25.25-b02 mixed mode windows-amd64 compressed oops)
Heap:
 PSYoungGen      total 311808K, used 151569K [0x00000000d5f80000, 0x0000000100000000, 0x0000000100000000)
  eden space 311296K, 48% used [0x00000000d5f80000,0x00000000df304790,0x00000000e8f80000)
  from space 512K, 100% used [0x00000000fff80000,0x0000000100000000,0x0000000100000000)
  to   space 1024K, 0% used [0x00000000ffe00000,0x00000000ffe00000,0x00000000fff00000)
 ParOldGen       total 86016K, used 81031K [0x0000000081e00000, 0x0000000087200000, 0x00000000d5f80000)
  object space 86016K, 94% used [0x0000000081e00000,0x0000000086d21fd0,0x0000000087200000)
 Metaspace       used 66269K, capacity 67384K, committed 67672K, reserved 1107968K
  class space    used 8919K, capacity 9250K, committed 9344K, reserved 1048576K
GC Heap History (10 events):
Event: 534.127 GC heap before
{Heap before GC invocations=1681 (full 3):
 PSYoungGen      total 388096K, used 387808K [0x00000000d5f80000, 0x0000000100000000, 0x0000000100000000)
  eden space 387584K, 100% used [0x00000000d5f80000,0x00000000eda00000,0x00000000eda00000)
  from space 512K, 43% used [0x00000000fff00000,0x00000000fff38000,0x00000000fff80000)
  to   space 512K, 0% used [0x00000000fff80000,0x00000000fff80000,0x0000000100000000)
 ParOldGen       total 86016K, used 80519K [0x0000000081e00000, 0x0000000087200000, 0x00000000d5f80000)
  object space 86016K, 93% used [0x0000000081e00000,0x0000000086ca1c08,0x0000000087200000)
 Metaspace       used 64641K, capacity 65700K, committed 66008K, reserved 1105920K
  class space    used 8763K, capacity 9110K, committed 9216K, reserved 1048576K
Event: 534.128 GC heap after
Heap after GC invocations=1681 (full 3):
 PSYoungGen      total 371200K, used 256K [0x00000000d5f80000, 0x0000000100000000, 0x0000000100000000)
  eden space 370688K, 0% used [0x00000000d5f80000,0x00000000d5f80000,0x00000000ec980000)
  from space 512K, 50% used [0x00000000fff80000,0x00000000fffc0000,0x0000000100000000)
  to   space 512K, 0% used [0x00000000fff00000,0x00000000fff00000,0x00000000fff80000)
 ParOldGen       total 86016K, used 80567K [0x0000000081e00000, 0x0000000087200000, 0x00000000d5f80000)
  object space 86016K, 93% used [0x0000000081e00000,0x0000000086cadc08,0x0000000087200000)
 Metaspace       used 64641K, capacity 65700K, committed 66008K, reserved 1105920K
  class space    used 8763K, capacity 9110K, committed 9216K, reserved 1048576K
}
Event: 534.715 GC heap before
{Heap before GC invocations=1682 (full 3):
 PSYoungGen      total 371200K, used 370944K [0x00000000d5f80000, 0x0000000100000000, 0x0000000100000000)
  eden space 370688K, 100% used [0x00000000d5f80000,0x00000000ec980000,0x00000000ec980000)
  from space 512K, 50% used [0x00000000fff80000,0x00000000fffc0000,0x0000000100000000)
  to   space 512K, 0% used [0x00000000fff00000,0x00000000fff00000,0x00000000fff80000)
 ParOldGen       total 86016K, used 80567K [0x0000000081e00000, 0x0000000087200000, 0x00000000d5f80000)
  object space 86016K, 93% used [0x0000000081e00000,0x0000000086cadc08,0x0000000087200000)
 Metaspace       used 64641K, capacity 65700K, committed 66008K, reserved 1105920K
  class space    used 8763K, capacity 9110K, committed 9216K, reserved 1048576K
Event: 534.717 GC heap after
Heap after GC invocations=1682 (full 3):
 PSYoungGen      total 355328K, used 128K [0x00000000d5f80000, 0x0000000100000000, 0x0000000100000000)
  eden space 354816K, 0% used [0x00000000d5f80000,0x00000000d5f80000,0x00000000eba00000)
  from space 512K, 25% used [0x00000000fff00000,0x00000000fff20000,0x00000000fff80000)
  to   space 512K, 0% used [0x00000000fff80000,0x00000000fff80000,0x0000000100000000)
 ParOldGen       total 86016K, used 80591K [0x0000000081e00000, 0x0000000087200000, 0x00000000d5f80000)
  object space 86016K, 93% used [0x0000000081e00000,0x0000000086cb3c08,0x0000000087200000)
 Metaspace       used 64641K, capacity 65700K, committed 66008K, reserved 1105920K
  class space    used 8763K, capacity 9110K, committed 9216K, reserved 1048576K
}
Event: 535.323 GC heap before
{Heap before GC invocations=1683 (full 3):
 PSYoungGen      total 355328K, used 354944K [0x00000000d5f80000, 0x0000000100000000, 0x0000000100000000)
  eden space 354816K, 100% used [0x00000000d5f80000,0x00000000eba00000,0x00000000eba00000)
  from space 512K, 25% used [0x00000000fff00000,0x00000000fff20000,0x00000000fff80000)
  to   space 512K, 0% used [0x00000000fff80000,0x00000000fff80000,0x0000000100000000)
 ParOldGen       total 86016K, used 80591K [0x0000000081e00000, 0x0000000087200000, 0x00000000d5f80000)
  object space 86016K, 93% used [0x0000000081e00000,0x0000000086cb3c08,0x0000000087200000)
 Metaspace       used 64641K, capacity 65700K, committed 66008K, reserved 1105920K
  class space    used 8763K, capacity 9110K, committed 9216K, reserved 1048576K
Event: 535.325 GC heap after
Heap after GC invocations=1683 (full 3):
 PSYoungGen      total 339968K, used 128K [0x00000000d5f80000, 0x0000000100000000, 0x0000000100000000)
  eden space 339456K, 0% used [0x00000000d5f80000,0x00000000d5f80000,0x00000000eab00000)
  from space 512K, 25% used [0x00000000fff80000,0x00000000fffa0000,0x0000000100000000)
  to   space 512K, 0% used [0x00000000fff00000,0x00000000fff00000,0x00000000fff80000)
 ParOldGen       total 86016K, used 80607K [0x0000000081e00000, 0x0000000087200000, 0x00000000d5f80000)
  object space 86016K, 93% used [0x0000000081e00000,0x0000000086cb7c08,0x0000000087200000)
 Metaspace       used 64641K, capacity 65700K, committed 66008K, reserved 1105920K
  class space    used 8763K, capacity 9110K, committed 9216K, reserved 1048576K
}
Event: 535.893 GC heap before
{Heap before GC invocations=1684 (full 3):
 PSYoungGen      total 339968K, used 339584K [0x00000000d5f80000, 0x0000000100000000, 0x0000000100000000)
  eden space 339456K, 100% used [0x00000000d5f80000,0x00000000eab00000,0x00000000eab00000)
  from space 512K, 25% used [0x00000000fff80000,0x00000000fffa0000,0x0000000100000000)
  to   space 512K, 0% used [0x00000000fff00000,0x00000000fff00000,0x00000000fff80000)
 ParOldGen       total 86016K, used 80607K [0x0000000081e00000, 0x0000000087200000, 0x00000000d5f80000)
  object space 86016K, 93% used [0x0000000081e00000,0x0000000086cb7c08,0x0000000087200000)
 Metaspace       used 64643K, capacity 65700K, committed 66008K, reserved 1105920K
  class space    used 8763K, capacity 9110K, committed 9216K, reserved 1048576K
Event: 535.895 GC heap after
Heap after GC invocations=1684 (full 3):
 PSYoungGen      total 325632K, used 192K [0x00000000d5f80000, 0x0000000100000000, 0x0000000100000000)
  eden space 325120K, 0% used [0x00000000d5f80000,0x00000000d5f80000,0x00000000e9d00000)
  from space 512K, 37% used [0x00000000fff00000,0x00000000fff30000,0x00000000fff80000)
  to   space 512K, 0% used [0x00000000fff80000,0x00000000fff80000,0x0000000100000000)
 ParOldGen       total 86016K, used 80615K [0x0000000081e00000, 0x0000000087200000, 0x00000000d5f80000)
  object space 86016K, 93% used [0x0000000081e00000,0x0000000086cb9c08,0x0000000087200000)
 Metaspace       used 64643K, capacity 65700K, committed 66008K, reserved 1105920K
  class space    used 8763K, capacity 9110K, committed 9216K, reserved 1048576K
}
Event: 536.828 GC heap before
{Heap before GC invocations=1685 (full 3):
 PSYoungGen      total 325632K, used 325312K [0x00000000d5f80000, 0x0000000100000000, 0x0000000100000000)
  eden space 325120K, 100% used [0x00000000d5f80000,0x00000000e9d00000,0x00000000e9d00000)
  from space 512K, 37% used [0x00000000fff00000,0x00000000fff30000,0x00000000fff80000)
  to   space 512K, 0% used [0x00000000fff80000,0x00000000fff80000,0x0000000100000000)
 ParOldGen       total 86016K, used 80615K [0x0000000081e00000, 0x0000000087200000, 0x00000000d5f80000)
  object space 86016K, 93% used [0x0000000081e00000,0x0000000086cb9c08,0x0000000087200000)
 Metaspace       used 65193K, capacity 66276K, committed 66520K, reserved 1105920K
  class space    used 8771K, capacity 9110K, committed 9216K, reserved 1048576K
Event: 536.845 GC heap after
Heap after GC invocations=1685 (full 3):
 PSYoungGen      total 311808K, used 512K [0x00000000d5f80000, 0x0000000100000000, 0x0000000100000000)
  eden space 311296K, 0% used [0x00000000d5f80000,0x00000000d5f80000,0x00000000e8f80000)
  from space 512K, 100% used [0x00000000fff80000,0x0000000100000000,0x0000000100000000)
  to   space 1024K, 0% used [0x00000000ffe00000,0x00000000ffe00000,0x00000000fff00000)
 ParOldGen       total 86016K, used 81031K [0x0000000081e00000, 0x0000000087200000, 0x00000000d5f80000)
  object space 86016K, 94% used [0x0000000081e00000,0x0000000086d21fd0,0x0000000087200000)
 Metaspace       used 65193K, capacity 66276K, committed 66520K, reserved 1105920K
  class space    used 8771K, capacity 9110K, committed 9216K, reserved 1048576K
}

