# JRE version: Java(TM) SE Runtime Environment (8.0_25-b18) (build 1.8.0_25-b18)
# Java VM: Java HotSpot(TM) 64-Bit Server VM (25.25-b02 mixed mode windows-amd64 compressed oops)
Heap:
 PSYoungGen      total 478208K, used 114436K [0x00000000d5f80000, 0x00000000f4500000, 0x0000000100000000)
  eden space 466432K, 24% used [0x00000000d5f80000,0x00000000dcef1368,0x00000000f2700000)
  from space 11776K, 2% used [0x00000000f3980000,0x00000000f39d0020,0x00000000f4500000)
  to   space 15360K, 0% used [0x00000000f2700000,0x00000000f2700000,0x00000000f3600000)
 ParOldGen       total 129536K, used 36494K [0x0000000081e00000, 0x0000000089c80000, 0x00000000d5f80000)
  object space 129536K, 28% used [0x0000000081e00000,0x00000000841a3bd8,0x0000000089c80000)
 Metaspace       used 65485K, capacity 66874K, committed 67160K, reserved 1107968K
  class space    used 8886K, capacity 9284K, committed 9344K, reserved 1048576K
GC Heap History (10 events):
Event: 22.881 GC heap before
{Heap before GC invocations=39 (full 3):
 PSYoungGen      total 481792K, used 466720K [0x00000000d5f80000, 0x00000000f4500000, 0x0000000100000000)
  eden space 466432K, 100% used [0x00000000d5f80000,0x00000000f2700000,0x00000000f2700000)
  from space 15360K, 1% used [0x00000000f2700000,0x00000000f2748010,0x00000000f3600000)
  to   space 11776K, 0% used [0x00000000f3980000,0x00000000f3980000,0x00000000f4500000)
 ParOldGen       total 129536K, used 36446K [0x0000000081e00000, 0x0000000089c80000, 0x00000000d5f80000)
  object space 129536K, 28% used [0x0000000081e00000,0x0000000084197bd8,0x0000000089c80000)
 Metaspace       used 65483K, capacity 66874K, committed 67160K, reserved 1107968K
  class space    used 8886K, capacity 9284K, committed 9344K, reserved 1048576K
Event: 22.883 GC heap after
Heap after GC invocations=39 (full 3):
 PSYoungGen      total 478208K, used 320K [0x00000000d5f80000, 0x00000000f4500000, 0x0000000100000000)
  eden space 466432K, 0% used [0x00000000d5f80000,0x00000000d5f80000,0x00000000f2700000)
  from space 11776K, 2% used [0x00000000f3980000,0x00000000f39d0020,0x00000000f4500000)
  to   space 15360K, 0% used [0x00000000f2700000,0x00000000f2700000,0x00000000f3600000)
 ParOldGen       total 129536K, used 36446K [0x0000000081e00000, 0x0000000089c80000, 0x00000000d5f80000)
  object space 129536K, 28% used [0x0000000081e00000,0x0000000084197bd8,0x0000000089c80000)
 Metaspace       used 65483K, capacity 66874K, committed 67160K, reserved 1107968K
  class space    used 8886K, capacity 9284K, committed 9344K, reserved 1048576K
}
Event: 23.052 GC heap before
{Heap before GC invocations=40 (full 3):
 PSYoungGen      total 478208K, used 466752K [0x00000000d5f80000, 0x00000000f4500000, 0x0000000100000000)
  eden space 466432K, 100% used [0x00000000d5f80000,0x00000000f2700000,0x00000000f2700000)
  from space 11776K, 2% used [0x00000000f3980000,0x00000000f39d0020,0x00000000f4500000)
  to   space 15360K, 0% used [0x00000000f2700000,0x00000000f2700000,0x00000000f3600000)
 ParOldGen       total 129536K, used 36446K [0x0000000081e00000, 0x0000000089c80000, 0x00000000d5f80000)
  object space 129536K, 28% used [0x0000000081e00000,0x0000000084197bd8,0x0000000089c80000)
 Metaspace       used 65485K, capacity 66874K, committed 67160K, reserved 1107968K
  class space    used 8886K, capacity 9284K, committed 9344K, reserved 1048576K
Event: 23.054 GC heap after
Heap after GC invocations=40 (full 3):
 PSYoungGen      total 481792K, used 320K [0x00000000d5f80000, 0x00000000f4500000, 0x0000000100000000)
  eden space 466432K, 0% used [0x00000000d5f80000,0x00000000d5f80000,0x00000000f2700000)
  from space 15360K, 2% used [0x00000000f2700000,0x00000000f2750020,0x00000000f3600000)
  to   space 11776K, 0% used [0x00000000f3980000,0x00000000f3980000,0x00000000f4500000)
 ParOldGen       total 129536K, used 36446K [0x0000000081e00000, 0x0000000089c80000, 0x00000000d5f80000)
  object space 129536K, 28% used [0x0000000081e00000,0x0000000084197bd8,0x0000000089c80000)
 Metaspace       used 65485K, capacity 66874K, committed 67160K, reserved 1107968K
  class space    used 8886K, capacity 9284K, committed 9344K, reserved 1048576K
}
Event: 23.233 GC heap before
{Heap before GC invocations=41 (full 3):
 PSYoungGen      total 481792K, used 466752K [0x00000000d5f80000, 0x00000000f4500000, 0x0000000100000000)
  eden space 466432K, 100% used [0x00000000d5f80000,0x00000000f2700000,0x00000000f2700000)
  from space 15360K, 2% used [0x00000000f2700000,0x00000000f2750020,0x00000000f3600000)
  to   space 11776K, 0% used [0x00000000f3980000,0x00000000f3980000,0x00000000f4500000)
 ParOldGen       total 129536K, used 36446K [0x0000000081e00000, 0x0000000089c80000, 0x00000000d5f80000)
  object space 129536K, 28% used [0x0000000081e00000,0x0000000084197bd8,0x0000000089c80000)
 Metaspace       used 65485K, capacity 66874K, committed 67160K, reserved 1107968K
  class space    used 8886K, capacity 9284K, committed 9344K, reserved 1048576K
Event: 23.234 GC heap after
Heap after GC invocations=41 (full 3):
 PSYoungGen      total 478208K, used 320K [0x00000000d5f80000, 0x00000000f4500000, 0x0000000100000000)
  eden space 466432K, 0% used [0x00000000d5f80000,0x00000000d5f80000,0x00000000f2700000)
  from space 11776K, 2% used [0x00000000f3980000,0x00000000f39d0020,0x00000000f4500000)
  to   space 15360K, 0% used [0x00000000f2700000,0x00000000f2700000,0x00000000f3600000)
 ParOldGen       total 129536K, used 36478K [0x0000000081e00000, 0x0000000089c80000, 0x00000000d5f80000)
  object space 129536K, 28% used [0x0000000081e00000,0x000000008419fbd8,0x0000000089c80000)
 Metaspace       used 65485K, capacity 66874K, committed 67160K, reserved 1107968K
  class space    used 8886K, capacity 9284K, committed 9344K, reserved 1048576K
}
Event: 23.402 GC heap before
{Heap before GC invocations=42 (full 3):
 PSYoungGen      total 478208K, used 466752K [0x00000000d5f80000, 0x00000000f4500000, 0x0000000100000000)
  eden space 466432K, 100% used [0x00000000d5f80000,0x00000000f2700000,0x00000000f2700000)
  from space 11776K, 2% used [0x00000000f3980000,0x00000000f39d0020,0x00000000f4500000)
  to   space 15360K, 0% used [0x00000000f2700000,0x00000000f2700000,0x00000000f3600000)
 ParOldGen       total 129536K, used 36478K [0x0000000081e00000, 0x0000000089c80000, 0x00000000d5f80000)
  object space 129536K, 28% used [0x0000000081e00000,0x000000008419fbd8,0x0000000089c80000)
 Metaspace       used 65485K, capacity 66874K, committed 67160K, reserved 1107968K
  class space    used 8886K, capacity 9284K, committed 9344K, reserved 1048576K
Event: 23.404 GC heap after
Heap after GC invocations=42 (full 3):
 PSYoungGen      total 481792K, used 288K [0x00000000d5f80000, 0x00000000f4500000, 0x0000000100000000)
  eden space 466432K, 0% used [0x00000000d5f80000,0x00000000d5f80000,0x00000000f2700000)
  from space 15360K, 1% used [0x00000000f2700000,0x00000000f2748020,0x00000000f3600000)
  to   space 11776K, 0% used [0x00000000f3980000,0x00000000f3980000,0x00000000f4500000)
 ParOldGen       total 129536K, used 36486K [0x0000000081e00000, 0x0000000089c80000, 0x00000000d5f80000)
  object space 129536K, 28% used [0x0000000081e00000,0x00000000841a1bd8,0x0000000089c80000)
 Metaspace       used 65485K, capacity 66874K, committed 67160K, reserved 1107968K
  class space    used 8886K, capacity 9284K, committed 9344K, reserved 1048576K
}
Event: 23.592 GC heap before
{Heap before GC invocations=43 (full 3):
 PSYoungGen      total 481792K, used 466720K [0x00000000d5f80000, 0x00000000f4500000, 0x0000000100000000)
  eden space 466432K, 100% used [0x00000000d5f80000,0x00000000f2700000,0x00000000f2700000)
  from space 15360K, 1% used [0x00000000f2700000,0x00000000f2748020,0x00000000f3600000)
  to   space 11776K, 0% used [0x00000000f3980000,0x00000000f3980000,0x00000000f4500000)
 ParOldGen       total 129536K, used 36486K [0x0000000081e00000, 0x0000000089c80000, 0x00000000d5f80000)
  object space 129536K, 28% used [0x0000000081e00000,0x00000000841a1bd8,0x0000000089c80000)
 Metaspace       used 65485K, capacity 66874K, committed 67160K, reserved 1107968K
  class space    used 8886K, capacity 9284K, committed 9344K, reserved 1048576K
Event: 23.593 GC heap after
Heap after GC invocations=43 (full 3):
 PSYoungGen      total 478208K, used 320K [0x00000000d5f80000, 0x00000000f4500000, 0x0000000100000000)
  eden space 466432K, 0% used [0x00000000d5f80000,0x00000000d5f80000,0x00000000f2700000)
  from space 11776K, 2% used [0x00000000f3980000,0x00000000f39d0020,0x00000000f4500000)
  to   space 15360K, 0% used [0x00000000f2700000,0x00000000f2700000,0x00000000f3600000)
 ParOldGen       total 129536K, used 36494K [0x0000000081e00000, 0x0000000089c80000, 0x00000000d5f80000)
  object space 129536K, 28% used [0x0000000081e00000,0x00000000841a3bd8,0x0000000089c80000)
 Metaspace       used 65485K, capacity 66874K, committed 67160K, reserved 1107968K
  class space    used 8886K, capacity 9284K, committed 9344K, reserved 1048576K
}

